# JRE version: OpenJDK Runtime Environment (8.0_171-b11) (build 1.8.0_171-8u171-b11-0ubuntu0.16.04.1-b11)
# Java VM: OpenJDK 64-Bit Server VM (25.171-b11 mixed mode linux-amd64 compressed oops)
Heap:
 PSYoungGen      total 36864K, used 13565K [0x00000000d7000000, 0x00000000db800000, 0x0000000100000000)
  eden space 31744K, 42% used [0x00000000d7000000,0x00000000d7d3f730,0x00000000d8f00000)
  from space 5120K, 0% used [0x00000000d8f00000,0x00000000d8f00000,0x00000000d9400000)
  to   space 5120K, 0% used [0x00000000db300000,0x00000000db300000,0x00000000db800000)
 ParOldGen       total 47104K, used 3916K [0x0000000085000000, 0x0000000087e00000, 0x00000000d7000000)
  object space 47104K, 8% used [0x0000000085000000,0x00000000853d33d8,0x0000000087e00000)
 Metaspace       used 23052K, capacity 23464K, committed 23680K, reserved 1071104K
  class space    used 2742K, capacity 2845K, committed 2944K, reserved 1048576K
GC Heap History (8 events):
Event: 1,454 GC heap before
{Heap before GC invocations=1 (full 0):
 PSYoungGen      total 36864K, used 31744K [0x00000000d7000000, 0x00000000d9900000, 0x0000000100000000)
  eden space 31744K, 100% used [0x00000000d7000000,0x00000000d8f00000,0x00000000d8f00000)
  from space 5120K, 0% used [0x00000000d9400000,0x00000000d9400000,0x00000000d9900000)
  to   space 5120K, 0% used [0x00000000d8f00000,0x00000000d8f00000,0x00000000d9400000)
 ParOldGen       total 84992K, used 0K [0x0000000085000000, 0x000000008a300000, 0x00000000d7000000)
  object space 84992K, 0% used [0x0000000085000000,0x0000000085000000,0x000000008a300000)
 Metaspace       used 9740K, capacity 9912K, committed 10112K, reserved 1058816K
  class space    used 1023K, capacity 1084K, committed 1152K, reserved 1048576K
Event: 1,459 GC heap after
Heap after GC invocations=1 (full 0):
 PSYoungGen      total 36864K, used 2751K [0x00000000d7000000, 0x00000000d9900000, 0x0000000100000000)
  eden space 31744K, 0% used [0x00000000d7000000,0x00000000d7000000,0x00000000d8f00000)
  from space 5120K, 53% used [0x00000000d8f00000,0x00000000d91afd60,0x00000000d9400000)
  to   space 5120K, 0% used [0x00000000d9400000,0x00000000d9400000,0x00000000d9900000)
 ParOldGen       total 84992K, used 16K [0x0000000085000000, 0x000000008a300000, 0x00000000d7000000)
  object space 84992K, 0% used [0x0000000085000000,0x0000000085004000,0x000000008a300000)
 Metaspace       used 9740K, capacity 9912K, committed 10112K, reserved 1058816K
  class space    used 1023K, capacity 1084K, committed 1152K, reserved 1048576K
}
Event: 2,395 GC heap before
{Heap before GC invocations=2 (full 0):
 PSYoungGen      total 36864K, used 34495K [0x00000000d7000000, 0x00000000d9900000, 0x0000000100000000)
  eden space 31744K, 100% used [0x00000000d7000000,0x00000000d8f00000,0x00000000d8f00000)
  from space 5120K, 53% used [0x00000000d8f00000,0x00000000d91afd60,0x00000000d9400000)
  to   space 5120K, 0% used [0x00000000d9400000,0x00000000d9400000,0x00000000d9900000)
 ParOldGen       total 84992K, used 16K [0x0000000085000000, 0x000000008a300000, 0x00000000d7000000)
  object space 84992K, 0% used [0x0000000085000000,0x0000000085004000,0x000000008a300000)
 Metaspace       used 19934K, capacity 20264K, committed 20480K, reserved 1067008K
  class space    used 2427K, capacity 2525K, committed 2560K, reserved 1048576K
Event: 2,404 GC heap after
Heap after GC invocations=2 (full 0):
 PSYoungGen      total 36864K, used 4467K [0x00000000d7000000, 0x00000000d9900000, 0x0000000100000000)
  eden space 31744K, 0% used [0x00000000d7000000,0x00000000d7000000,0x00000000d8f00000)
  from space 5120K, 87% used [0x00000000d9400000,0x00000000d985cd90,0x00000000d9900000)
  to   space 5120K, 0% used [0x00000000d8f00000,0x00000000d8f00000,0x00000000d9400000)
 ParOldGen       total 84992K, used 24K [0x0000000085000000, 0x000000008a300000, 0x00000000d7000000)
  object space 84992K, 0% used [0x0000000085000000,0x0000000085006000,0x000000008a300000)
 Metaspace       used 19934K, capacity 20264K, committed 20480K, reserved 1067008K
  class space    used 2427K, capacity 2525K, committed 2560K, reserved 1048576K
}
Event: 2,467 GC heap before
{Heap before GC invocations=3 (full 0):
 PSYoungGen      total 36864K, used 7494K [0x00000000d7000000, 0x00000000d9900000, 0x0000000100000000)
  eden space 31744K, 9% used [0x00000000d7000000,0x00000000d72f4d98,0x00000000d8f00000)
  from space 5120K, 87% used [0x00000000d9400000,0x00000000d985cd90,0x00000000d9900000)
  to   space 5120K, 0% used [0x00000000d8f00000,0x00000000d8f00000,0x00000000d9400000)
 ParOldGen       total 84992K, used 24K [0x0000000085000000, 0x000000008a300000, 0x00000000d7000000)
  object space 84992K, 0% used [0x0000000085000000,0x0000000085006000,0x000000008a300000)
 Metaspace       used 20770K, capacity 21070K, committed 21296K, reserved 1069056K
  class space    used 2518K, capacity 2624K, committed 2688K, reserved 1048576K
Event: 2,474 GC heap after
Heap after GC invocations=3 (full 0):
 PSYoungGen      total 36864K, used 3984K [0x00000000d7000000, 0x00000000db800000, 0x0000000100000000)
  eden space 31744K, 0% used [0x00000000d7000000,0x00000000d7000000,0x00000000d8f00000)
  from space 5120K, 77% used [0x00000000d8f00000,0x00000000d92e41e0,0x00000000d9400000)
  to   space 5120K, 0% used [0x00000000db300000,0x00000000db300000,0x00000000db800000)
 ParOldGen       total 84992K, used 32K [0x0000000085000000, 0x000000008a300000, 0x00000000d7000000)
  object space 84992K, 0% used [0x0000000085000000,0x0000000085008000,0x000000008a300000)
 Metaspace       used 20770K, capacity 21070K, committed 21296K, reserved 1069056K
  class space    used 2518K, capacity 2624K, committed 2688K, reserved 1048576K
}
Event: 2,474 GC heap before
{Heap before GC invocations=4 (full 1):
 PSYoungGen      total 36864K, used 3984K [0x00000000d7000000, 0x00000000db800000, 0x0000000100000000)
  eden space 31744K, 0% used [0x00000000d7000000,0x00000000d7000000,0x00000000d8f00000)
  from space 5120K, 77% used [0x00000000d8f00000,0x00000000d92e41e0,0x00000000d9400000)
  to   space 5120K, 0% used [0x00000000db300000,0x00000000db300000,0x00000000db800000)
 ParOldGen       total 84992K, used 32K [0x0000000085000000, 0x000000008a300000, 0x00000000d7000000)
  object space 84992K, 0% used [0x0000000085000000,0x0000000085008000,0x000000008a300000)
 Metaspace       used 20770K, capacity 21070K, committed 21296K, reserved 1069056K
  class space    used 2518K, capacity 2624K, committed 2688K, reserved 1048576K
Event: 2,520 GC heap after
Heap after GC invocations=4 (full 1):
 PSYoungGen      total 36864K, used 0K [0x00000000d7000000, 0x00000000db800000, 0x0000000100000000)
  eden space 31744K, 0% used [0x00000000d7000000,0x00000000d7000000,0x00000000d8f00000)
  from space 5120K, 0% used [0x00000000d8f00000,0x00000000d8f00000,0x00000000d9400000)
  to   space 5120K, 0% used [0x00000000db300000,0x00000000db300000,0x00000000db800000)
 ParOldGen       total 47104K, used 3916K [0x0000000085000000, 0x0000000087e00000, 0x00000000d7000000)
  object space 47104K, 8% used [0x0000000085000000,0x00000000853d33d8,0x0000000087e00000)
 Metaspace       used 20770K, capacity 21070K, committed 21296K, reserved 1069056K
  class space    used 2518K, capacity 2624K, committed 2688K, reserved 1048576K
}

