# JRE version: OpenJDK Runtime Environment (8.0_171-b11) (build 1.8.0_171-8u171-b11-0ubuntu0.16.04.1-b11)
# Java VM: OpenJDK 64-Bit Server VM (25.171-b11 mixed mode linux-amd64 compressed oops)
Heap:
 PSYoungGen      total 36864K, used 17027K [0x00000000d7000000, 0x00000000d9900000, 0x0000000100000000)
  eden space 31744K, 53% used [0x00000000d7000000,0x00000000d80a0e08,0x00000000d8f00000)
  from space 5120K, 0% used [0x00000000d9400000,0x00000000d9400000,0x00000000d9900000)
  to   space 5120K, 0% used [0x00000000d8f00000,0x00000000d8f00000,0x00000000d9400000)
 ParOldGen       total 56320K, used 3783K [0x0000000085000000, 0x0000000088700000, 0x00000000d7000000)
  object space 56320K, 6% used [0x0000000085000000,0x00000000853b1c88,0x0000000088700000)
 Metaspace       used 21296K, capacity 21798K, committed 21936K, reserved 1069056K
  class space    used 2602K, capacity 2752K, committed 2816K, reserved 1048576K
GC Heap History (6 events):
Event: 2,402 GC heap before
{Heap before GC invocations=1 (full 0):
 PSYoungGen      total 36864K, used 31744K [0x00000000d7000000, 0x00000000d9900000, 0x0000000100000000)
  eden space 31744K, 100% used [0x00000000d7000000,0x00000000d8f00000,0x00000000d8f00000)
  from space 5120K, 0% used [0x00000000d9400000,0x00000000d9400000,0x00000000d9900000)
  to   space 5120K, 0% used [0x00000000d8f00000,0x00000000d8f00000,0x00000000d9400000)
 ParOldGen       total 84992K, used 0K [0x0000000085000000, 0x000000008a300000, 0x00000000d7000000)
  object space 84992K, 0% used [0x0000000085000000,0x0000000085000000,0x000000008a300000)
 Metaspace       used 20423K, capacity 20842K, committed 21120K, reserved 1067008K
  class space    used 2539K, capacity 2638K, committed 2688K, reserved 1048576K
Event: 2,411 GC heap after
Heap after GC invocations=1 (full 0):
 PSYoungGen      total 36864K, used 4917K [0x00000000d7000000, 0x00000000d9900000, 0x0000000100000000)
  eden space 31744K, 0% used [0x00000000d7000000,0x00000000d7000000,0x00000000d8f00000)
  from space 5120K, 96% used [0x00000000d8f00000,0x00000000d93cd698,0x00000000d9400000)
  to   space 5120K, 0% used [0x00000000d9400000,0x00000000d9400000,0x00000000d9900000)
 ParOldGen       total 84992K, used 16K [0x0000000085000000, 0x000000008a300000, 0x00000000d7000000)
  object space 84992K, 0% used [0x0000000085000000,0x0000000085004000,0x000000008a300000)
 Metaspace       used 20423K, capacity 20842K, committed 21120K, reserved 1067008K
  class space    used 2539K, capacity 2638K, committed 2688K, reserved 1048576K
}
Event: 3,453 GC heap before
{Heap before GC invocations=2 (full 0):
 PSYoungGen      total 36864K, used 10445K [0x00000000d7000000, 0x00000000d9900000, 0x0000000100000000)
  eden space 31744K, 17% used [0x00000000d7000000,0x00000000d7565ff0,0x00000000d8f00000)
  from space 5120K, 96% used [0x00000000d8f00000,0x00000000d93cd698,0x00000000d9400000)
  to   space 5120K, 0% used [0x00000000d9400000,0x00000000d9400000,0x00000000d9900000)
 ParOldGen       total 84992K, used 16K [0x0000000085000000, 0x000000008a300000, 0x00000000d7000000)
  object space 84992K, 0% used [0x0000000085000000,0x0000000085004000,0x000000008a300000)
 Metaspace       used 20843K, capacity 21250K, committed 21296K, reserved 1069056K
  class space    used 2589K, capacity 2682K, committed 2688K, reserved 1048576K
Event: 3,462 GC heap after
Heap after GC invocations=2 (full 0):
 PSYoungGen      total 36864K, used 3858K [0x00000000d7000000, 0x00000000d9900000, 0x0000000100000000)
  eden space 31744K, 0% used [0x00000000d7000000,0x00000000d7000000,0x00000000d8f00000)
  from space 5120K, 75% used [0x00000000d9400000,0x00000000d97c4a10,0x00000000d9900000)
  to   space 5120K, 0% used [0x00000000d8f00000,0x00000000d8f00000,0x00000000d9400000)
 ParOldGen       total 84992K, used 24K [0x0000000085000000, 0x000000008a300000, 0x00000000d7000000)
  object space 84992K, 0% used [0x0000000085000000,0x0000000085006000,0x000000008a300000)
 Metaspace       used 20843K, capacity 21250K, committed 21296K, reserved 1069056K
  class space    used 2589K, capacity 2682K, committed 2688K, reserved 1048576K
}
Event: 3,462 GC heap before
{Heap before GC invocations=3 (full 1):
 PSYoungGen      total 36864K, used 3858K [0x00000000d7000000, 0x00000000d9900000, 0x0000000100000000)
  eden space 31744K, 0% used [0x00000000d7000000,0x00000000d7000000,0x00000000d8f00000)
  from space 5120K, 75% used [0x00000000d9400000,0x00000000d97c4a10,0x00000000d9900000)
  to   space 5120K, 0% used [0x00000000d8f00000,0x00000000d8f00000,0x00000000d9400000)
 ParOldGen       total 84992K, used 24K [0x0000000085000000, 0x000000008a300000, 0x00000000d7000000)
  object space 84992K, 0% used [0x0000000085000000,0x0000000085006000,0x000000008a300000)
 Metaspace       used 20843K, capacity 21250K, committed 21296K, reserved 1069056K
  class space    used 2589K, capacity 2682K, committed 2688K, reserved 1048576K
Event: 3,496 GC heap after
Heap after GC invocations=3 (full 1):
 PSYoungGen      total 36864K, used 0K [0x00000000d7000000, 0x00000000d9900000, 0x0000000100000000)
  eden space 31744K, 0% used [0x00000000d7000000,0x00000000d7000000,0x00000000d8f00000)
  from space 5120K, 0% used [0x00000000d9400000,0x00000000d9400000,0x00000000d9900000)
  to   space 5120K, 0% used [0x00000000d8f00000,0x00000000d8f00000,0x00000000d9400000)
 ParOldGen       total 56320K, used 3783K [0x0000000085000000, 0x0000000088700000, 0x00000000d7000000)
  object space 56320K, 6% used [0x0000000085000000,0x00000000853b1c88,0x0000000088700000)
 Metaspace       used 20843K, capacity 21250K, committed 21296K, reserved 1069056K
  class space    used 2589K, capacity 2682K, committed 2688K, reserved 1048576K
}

