# JRE version: OpenJDK Runtime Environment (8.0_171-b11) (build 1.8.0_171-8u171-b11-0ubuntu0.16.04.1-b11)
# Java VM: OpenJDK 64-Bit Server VM (25.171-b11 mixed mode linux-amd64 compressed oops)
Heap:
 PSYoungGen      total 36864K, used 13912K [0x00000000d7000000, 0x00000000db800000, 0x0000000100000000)
  eden space 31744K, 43% used [0x00000000d7000000,0x00000000d7d96298,0x00000000d8f00000)
  from space 5120K, 0% used [0x00000000d8f00000,0x00000000d8f00000,0x00000000d9400000)
  to   space 5120K, 0% used [0x00000000db300000,0x00000000db300000,0x00000000db800000)
 ParOldGen       total 43520K, used 3949K [0x0000000085000000, 0x0000000087a80000, 0x00000000d7000000)
  object space 43520K, 9% used [0x0000000085000000,0x00000000853db690,0x0000000087a80000)
 Metaspace       used 22936K, capacity 23400K, committed 23680K, reserved 1071104K
  class space    used 2742K, capacity 2845K, committed 2944K, reserved 1048576K
GC Heap History (8 events):
Event: 1,556 GC heap before
{Heap before GC invocations=1 (full 0):
 PSYoungGen      total 36864K, used 31744K [0x00000000d7000000, 0x00000000d9900000, 0x0000000100000000)
  eden space 31744K, 100% used [0x00000000d7000000,0x00000000d8f00000,0x00000000d8f00000)
  from space 5120K, 0% used [0x00000000d9400000,0x00000000d9400000,0x00000000d9900000)
  to   space 5120K, 0% used [0x00000000d8f00000,0x00000000d8f00000,0x00000000d9400000)
 ParOldGen       total 84992K, used 0K [0x0000000085000000, 0x000000008a300000, 0x00000000d7000000)
  object space 84992K, 0% used [0x0000000085000000,0x0000000085000000,0x000000008a300000)
 Metaspace       used 9740K, capacity 9912K, committed 10112K, reserved 1058816K
  class space    used 1023K, capacity 1084K, committed 1152K, reserved 1048576K
Event: 1,564 GC heap after
Heap after GC invocations=1 (full 0):
 PSYoungGen      total 36864K, used 2735K [0x00000000d7000000, 0x00000000d9900000, 0x0000000100000000)
  eden space 31744K, 0% used [0x00000000d7000000,0x00000000d7000000,0x00000000d8f00000)
  from space 5120K, 53% used [0x00000000d8f00000,0x00000000d91abd70,0x00000000d9400000)
  to   space 5120K, 0% used [0x00000000d9400000,0x00000000d9400000,0x00000000d9900000)
 ParOldGen       total 84992K, used 8K [0x0000000085000000, 0x000000008a300000, 0x00000000d7000000)
  object space 84992K, 0% used [0x0000000085000000,0x0000000085002000,0x000000008a300000)
 Metaspace       used 9740K, capacity 9912K, committed 10112K, reserved 1058816K
  class space    used 1023K, capacity 1084K, committed 1152K, reserved 1048576K
}
Event: 2,428 GC heap before
{Heap before GC invocations=2 (full 0):
 PSYoungGen      total 36864K, used 34479K [0x00000000d7000000, 0x00000000d9900000, 0x0000000100000000)
  eden space 31744K, 100% used [0x00000000d7000000,0x00000000d8f00000,0x00000000d8f00000)
  from space 5120K, 53% used [0x00000000d8f00000,0x00000000d91abd70,0x00000000d9400000)
  to   space 5120K, 0% used [0x00000000d9400000,0x00000000d9400000,0x00000000d9900000)
 ParOldGen       total 84992K, used 8K [0x0000000085000000, 0x000000008a300000, 0x00000000d7000000)
  object space 84992K, 0% used [0x0000000085000000,0x0000000085002000,0x000000008a300000)
 Metaspace       used 19928K, capacity 20264K, committed 20480K, reserved 1067008K
  class space    used 2427K, capacity 2525K, committed 2560K, reserved 1048576K
Event: 2,441 GC heap after
Heap after GC invocations=2 (full 0):
 PSYoungGen      total 36864K, used 4419K [0x00000000d7000000, 0x00000000d9900000, 0x0000000100000000)
  eden space 31744K, 0% used [0x00000000d7000000,0x00000000d7000000,0x00000000d8f00000)
  from space 5120K, 86% used [0x00000000d9400000,0x00000000d9850d60,0x00000000d9900000)
  to   space 5120K, 0% used [0x00000000d8f00000,0x00000000d8f00000,0x00000000d9400000)
 ParOldGen       total 84992K, used 24K [0x0000000085000000, 0x000000008a300000, 0x00000000d7000000)
  object space 84992K, 0% used [0x0000000085000000,0x0000000085006000,0x000000008a300000)
 Metaspace       used 19928K, capacity 20264K, committed 20480K, reserved 1067008K
  class space    used 2427K, capacity 2525K, committed 2560K, reserved 1048576K
}
Event: 2,515 GC heap before
{Heap before GC invocations=3 (full 0):
 PSYoungGen      total 36864K, used 7389K [0x00000000d7000000, 0x00000000d9900000, 0x0000000100000000)
  eden space 31744K, 9% used [0x00000000d7000000,0x00000000d72e68b8,0x00000000d8f00000)
  from space 5120K, 86% used [0x00000000d9400000,0x00000000d9850d60,0x00000000d9900000)
  to   space 5120K, 0% used [0x00000000d8f00000,0x00000000d8f00000,0x00000000d9400000)
 ParOldGen       total 84992K, used 24K [0x0000000085000000, 0x000000008a300000, 0x00000000d7000000)
  object space 84992K, 0% used [0x0000000085000000,0x0000000085006000,0x000000008a300000)
 Metaspace       used 20771K, capacity 21070K, committed 21296K, reserved 1069056K
  class space    used 2518K, capacity 2624K, committed 2688K, reserved 1048576K
Event: 2,526 GC heap after
Heap after GC invocations=3 (full 0):
 PSYoungGen      total 36864K, used 4048K [0x00000000d7000000, 0x00000000db800000, 0x0000000100000000)
  eden space 31744K, 0% used [0x00000000d7000000,0x00000000d7000000,0x00000000d8f00000)
  from space 5120K, 79% used [0x00000000d8f00000,0x00000000d92f41e0,0x00000000d9400000)
  to   space 5120K, 0% used [0x00000000db300000,0x00000000db300000,0x00000000db800000)
 ParOldGen       total 84992K, used 32K [0x0000000085000000, 0x000000008a300000, 0x00000000d7000000)
  object space 84992K, 0% used [0x0000000085000000,0x0000000085008000,0x000000008a300000)
 Metaspace       used 20771K, capacity 21070K, committed 21296K, reserved 1069056K
  class space    used 2518K, capacity 2624K, committed 2688K, reserved 1048576K
}
Event: 2,526 GC heap before
{Heap before GC invocations=4 (full 1):
 PSYoungGen      total 36864K, used 4048K [0x00000000d7000000, 0x00000000db800000, 0x0000000100000000)
  eden space 31744K, 0% used [0x00000000d7000000,0x00000000d7000000,0x00000000d8f00000)
  from space 5120K, 79% used [0x00000000d8f00000,0x00000000d92f41e0,0x00000000d9400000)
  to   space 5120K, 0% used [0x00000000db300000,0x00000000db300000,0x00000000db800000)
 ParOldGen       total 84992K, used 32K [0x0000000085000000, 0x000000008a300000, 0x00000000d7000000)
  object space 84992K, 0% used [0x0000000085000000,0x0000000085008000,0x000000008a300000)
 Metaspace       used 20771K, capacity 21070K, committed 21296K, reserved 1069056K
  class space    used 2518K, capacity 2624K, committed 2688K, reserved 1048576K
Event: 2,564 GC heap after
Heap after GC invocations=4 (full 1):
 PSYoungGen      total 36864K, used 0K [0x00000000d7000000, 0x00000000db800000, 0x0000000100000000)
  eden space 31744K, 0% used [0x00000000d7000000,0x00000000d7000000,0x00000000d8f00000)
  from space 5120K, 0% used [0x00000000d8f00000,0x00000000d8f00000,0x00000000d9400000)
  to   space 5120K, 0% used [0x00000000db300000,0x00000000db300000,0x00000000db800000)
 ParOldGen       total 43520K, used 3949K [0x0000000085000000, 0x0000000087a80000, 0x00000000d7000000)
  object space 43520K, 9% used [0x0000000085000000,0x00000000853db690,0x0000000087a80000)
 Metaspace       used 20771K, capacity 21070K, committed 21296K, reserved 1069056K
  class space    used 2518K, capacity 2624K, committed 2688K, reserved 1048576K
}

